Turbo Assembler	 Version 3.1	    05/04/19 10:39:25	    Page 1
CIAO.ASM



      1	0000			     .model small ;Modello di utilizzo della memoria
      2	0000			     .stack ;Occupazione del segmento di stack
      3	0000			     .data ;Segmento dati qui si definiscono le	variabili utilizzate
      4
      5	0000  43 69 61 6F 20 43	72+  messaggio db 'Ciao	Cristian!',10,13,'$'
      6	      69 73 74 69 61 6E	21+
      7	      0A 0D 24
      8
      9	0011			     .code ;Segmento codice: da	quì in poi si scrive il	programma
     10
     11				     .startup ;Modulo di inizializzazione prima	dello start del	programma
1    12	0000			     @Startup:
1    13	0000  BA 0000s			     MOV     DX,@data
1    14	0003  8E DA			     MOV     DS,DX
1    15	0005  8C D3			     MOV     BX,SS
1    16	0007  2B DA			     SUB     BX,DX
1    17	0009  D1 E3 D1 E3 D1 E3	D1+	     SHL     BX,4
     18	      E3
1    19	0011  FA			     CLI
1    20	0012  8E D2			     MOV     SS,DX
1    21	0014  03 E3			     ADD     SP,BX
1    22	0016  FB			     STI
     23
     24	0017  B4 09		     mov ah,09h
     25	0019  BA 0000r		     mov dx,offset messaggio
     26	001C  CD 21		     int 21h
     27
     28				     .exit ;Modulo di chiusura del programma
1    29	001E  B4 4C			     MOV     AH,4Ch
1    30	0020  CD 21			     INT     21h
     31				     end
Turbo Assembler	 Version 3.1	    05/04/19 10:39:25	    Page 2
Symbol Table




Symbol Name			  Type	 Value

??DATE				  Text	 "05/04/19"
??FILENAME			  Text	 "CIAO	  "
??TIME				  Text	 "10:39:25"
??VERSION			  Number 030A
@32BIT				  Text	 0
@CODE				  Text	 _TEXT
@CODESIZE			  Text	 0
@CPU				  Text	 0101H
@CURSEG				  Text	 _TEXT
@DATA				  Text	 DGROUP
@DATASIZE			  Text	 0
@FILENAME			  Text	 CIAO
@INTERFACE			  Text	 00H
@MODEL				  Text	 2
@STACK				  Text	 DGROUP
@STARTUP			  Near	 _TEXT:0000
@WORDSIZE			  Text	 2
MESSAGGIO			  Byte	 DGROUP:0000

Groups & Segments		  Bit Size Align  Combine Class

DGROUP				  Group
  STACK				  16  0400 Para	  Stack	  STACK
  _DATA				  16  0011 Word	  Public  DATA
_TEXT				  16  0022 Word	  Public  CODE
